0 info it worked if it ends with ok
1 verbose cli [ 'C:\\Program Files\\nodejs\\node.exe',
1 verbose cli   'C:\\Program Files\\nodejs\\node_modules\\npm\\bin\\npm-cli.js',
1 verbose cli   'run',
1 verbose cli   'deploy' ]
2 info using npm@3.10.10
3 info using node@v6.10.3
4 verbose run-script [ 'predeploy', 'deploy', 'postdeploy' ]
5 info lifecycle react-tutorials@0.0.0~predeploy: react-tutorials@0.0.0
6 verbose lifecycle react-tutorials@0.0.0~predeploy: unsafe-perm in lifecycle true
7 verbose lifecycle react-tutorials@0.0.0~predeploy: PATH: C:\Program Files\nodejs\node_modules\npm\bin\node-gyp-bin;C:\Users\keerthana\Desktop\projects\ReactJS\reactjs\node_modules\.bin;C:\Users\keerthana\bin;C:\Program Files\Git\mingw64\bin;C:\Program Files\Git\usr\local\bin;C:\Program Files\Git\usr\bin;C:\Program Files\Git\usr\bin;C:\Program Files\Git\mingw64\bin;C:\Program Files\Git\usr\bin;C:\Users\keerthana\bin;C:\ProgramData\Oracle\Java\javapath;C:\Program Files\nodejs;C:\Program Files (x86)\Microsoft SQL Server\120\Tools\Binn\ManagementStudio;C:\Program Files (x86)\Microsoft SQL Server\120\Tools\Binn;C:\Program Files (x86)\Microsoft Visual Studio 12.0\Common7\IDE\PrivateAssemblies;C:\Program Files (x86)\Microsoft SQL Server\120\DTS\Binn;C:\Program Files\MySQL\MySQL Server 5.6\bin;C:\Users\keerthana\AppData\Roaming\npm;C:\Program Files (x86)\Heroku\bin;C:\Program Files\Git\usr\bin\vendor_perl;C:\Program Files\Git\usr\bin\core_perl
8 verbose lifecycle react-tutorials@0.0.0~predeploy: CWD: C:\Users\keerthana\Desktop\projects\ReactJS\reactjs
9 silly lifecycle react-tutorials@0.0.0~predeploy: Args: [ '/d /s /c', 'npm run build' ]
10 silly lifecycle react-tutorials@0.0.0~predeploy: Returned: code: 1  signal: null
11 info lifecycle react-tutorials@0.0.0~predeploy: Failed to exec predeploy script
12 verbose stack Error: react-tutorials@0.0.0 predeploy: `npm run build`
12 verbose stack Exit status 1
12 verbose stack     at EventEmitter.<anonymous> (C:\Program Files\nodejs\node_modules\npm\lib\utils\lifecycle.js:255:16)
12 verbose stack     at emitTwo (events.js:106:13)
12 verbose stack     at EventEmitter.emit (events.js:191:7)
12 verbose stack     at ChildProcess.<anonymous> (C:\Program Files\nodejs\node_modules\npm\lib\utils\spawn.js:40:14)
12 verbose stack     at emitTwo (events.js:106:13)
12 verbose stack     at ChildProcess.emit (events.js:191:7)
12 verbose stack     at maybeClose (internal/child_process.js:886:16)
12 verbose stack     at Process.ChildProcess._handle.onexit (internal/child_process.js:226:5)
13 verbose pkgid react-tutorials@0.0.0
14 verbose cwd C:\Users\keerthana\Desktop\projects\ReactJS\reactjs
15 error Windows_NT 6.3.9600
16 error argv "C:\\Program Files\\nodejs\\node.exe" "C:\\Program Files\\nodejs\\node_modules\\npm\\bin\\npm-cli.js" "run" "deploy"
17 error node v6.10.3
18 error npm  v3.10.10
19 error code ELIFECYCLE
20 error react-tutorials@0.0.0 predeploy: `npm run build`
20 error Exit status 1
21 error Failed at the react-tutorials@0.0.0 predeploy script 'npm run build'.
21 error Make sure you have the latest version of node.js and npm installed.
21 error If you do, this is most likely a problem with the react-tutorials package,
21 error not with npm itself.
21 error Tell the author that this fails on your system:
21 error     npm run build
21 error You can get information on how to open an issue for this project with:
21 error     npm bugs react-tutorials
21 error Or if that isn't available, you can get their info via:
21 error     npm owner ls react-tutorials
21 error There is likely additional logging output above.
22 verbose exit [ 1, true ]
